<?xml version="1.0" encoding="UTF-8"?>
<testsuites>
  <testsuite name="fastlane.lanes">
    
    
    
      
      <testcase classname="fastlane.lanes" name="0: default_platform" time="0.0022071">
        
      </testcase>
    
      
      <testcase classname="fastlane.lanes" name="1: clean assembleRelease bundleRelease" time="2.836459">
        
          <failure message="C:/Ruby33-x64/lib/ruby/gems/3.3.0/gems/fastlane-2.221.1/fastlane/lib/fastlane/actions/actions_helper.rb:67:in `execute_action&apos;&#10;C:/Ruby33-x64/lib/ruby/gems/3.3.0/gems/fastlane-2.221.1/fastlane/lib/fastlane/runner.rb:255:in `block in execute_action&apos;&#10;C:/Ruby33-x64/lib/ruby/gems/3.3.0/gems/fastlane-2.221.1/fastlane/lib/fastlane/runner.rb:229:in `chdir&apos;&#10;C:/Ruby33-x64/lib/ruby/gems/3.3.0/gems/fastlane-2.221.1/fastlane/lib/fastlane/runner.rb:229:in `execute_action&apos;&#10;C:/Ruby33-x64/lib/ruby/gems/3.3.0/gems/fastlane-2.221.1/fastlane/lib/fastlane/runner.rb:157:in `trigger_action_by_name&apos;&#10;C:/Ruby33-x64/lib/ruby/gems/3.3.0/gems/fastlane-2.221.1/fastlane/lib/fastlane/fast_file.rb:159:in `method_missing&apos;&#10;Fastfile:18:in `block (2 levels) in parsing_binding&apos;&#10;C:/Ruby33-x64/lib/ruby/gems/3.3.0/gems/fastlane-2.221.1/fastlane/lib/fastlane/lane.rb:41:in `call&apos;&#10;C:/Ruby33-x64/lib/ruby/gems/3.3.0/gems/fastlane-2.221.1/fastlane/lib/fastlane/runner.rb:49:in `block in execute&apos;&#10;C:/Ruby33-x64/lib/ruby/gems/3.3.0/gems/fastlane-2.221.1/fastlane/lib/fastlane/runner.rb:45:in `chdir&apos;&#10;C:/Ruby33-x64/lib/ruby/gems/3.3.0/gems/fastlane-2.221.1/fastlane/lib/fastlane/runner.rb:45:in `execute&apos;&#10;C:/Ruby33-x64/lib/ruby/gems/3.3.0/gems/fastlane-2.221.1/fastlane/lib/fastlane/lane_manager.rb:46:in `cruise_lane&apos;&#10;C:/Ruby33-x64/lib/ruby/gems/3.3.0/gems/fastlane-2.221.1/fastlane/lib/fastlane/command_line_handler.rb:34:in `handle&apos;&#10;C:/Ruby33-x64/lib/ruby/gems/3.3.0/gems/fastlane-2.221.1/fastlane/lib/fastlane/commands_generator.rb:110:in `block (2 levels) in run&apos;&#10;C:/Ruby33-x64/lib/ruby/gems/3.3.0/gems/commander-4.6.0/lib/commander/command.rb:187:in `call&apos;&#10;C:/Ruby33-x64/lib/ruby/gems/3.3.0/gems/commander-4.6.0/lib/commander/command.rb:157:in `run&apos;&#10;C:/Ruby33-x64/lib/ruby/gems/3.3.0/gems/commander-4.6.0/lib/commander/runner.rb:444:in `run_active_command&apos;&#10;C:/Ruby33-x64/lib/ruby/gems/3.3.0/gems/fastlane-2.221.1/fastlane_core/lib/fastlane_core/ui/fastlane_runner.rb:124:in `run!&apos;&#10;C:/Ruby33-x64/lib/ruby/gems/3.3.0/gems/commander-4.6.0/lib/commander/delegates.rb:18:in `run!&apos;&#10;C:/Ruby33-x64/lib/ruby/gems/3.3.0/gems/fastlane-2.221.1/fastlane/lib/fastlane/commands_generator.rb:363:in `run&apos;&#10;C:/Ruby33-x64/lib/ruby/gems/3.3.0/gems/fastlane-2.221.1/fastlane/lib/fastlane/commands_generator.rb:43:in `start&apos;&#10;C:/Ruby33-x64/lib/ruby/gems/3.3.0/gems/fastlane-2.221.1/fastlane/lib/fastlane/cli_tools_distributor.rb:123:in `take_off&apos;&#10;C:/Ruby33-x64/lib/ruby/gems/3.3.0/gems/fastlane-2.221.1/bin/fastlane:23:in `&lt;top (required)&gt;&apos;&#10;C:/Ruby33-x64/bin/fastlane:25:in `load&apos;&#10;C:/Ruby33-x64/bin/fastlane:25:in `&lt;main&gt;&apos;&#10;&#10;Exit status of command &apos;C:/modern_login_ui/gradlew clean assembleRelease bundleRelease -p .&apos; was 1 instead of 0.&#10;OpenJDK 64-Bit Server VM warning: Ignoring option PermSize; support was removed in 8.0&#10;OpenJDK 64-Bit Server VM warning: Ignoring option MaxPermSize; support was removed in 8.0&#10;&#10;FAILURE: Build failed with an exception.&#10;&#10;* What went wrong:&#10;Task &apos;clean&apos; not found in root project &apos;ModernLoginUI-main&apos;.&#10;&#10;* Try:&#10;&gt; Run gradlew tasks to get a list of available tasks.&#10;&gt; For more on name expansion, please refer to https://docs.gradle.org/8.8/userguide/command_line_interface.html#sec:name_abbreviation in the Gradle documentation.&#10;&gt; Run with --stacktrace option to get the stack trace.&#10;&gt; Run with --info or --debug option to get more log output.&#10;&gt; Run with --scan to get full insights.&#10;&gt; Get more help at https://help.gradle.org.&#10;&#10;BUILD FAILED in 1s&#10;" />
        
      </testcase>
    
  </testsuite>
</testsuites>
